DEBUG 2022-07-29 20:35:16,076 utils (0.000) 
            SELECT name, type FROM sqlite_master
            WHERE type in ('table', 'view') AND NOT name='sqlite_sequence'
            ORDER BY name; args=None; alias=default
DEBUG 2022-07-29 20:35:16,079 utils (0.000) SELECT "django_migrations"."id", "django_migrations"."app", "django_migrations"."name", "django_migrations"."applied" FROM "django_migrations"; args=(); alias=default
DEBUG 2022-07-29 20:36:27,720 utils (0.000) SELECT "towns_town"."id", "towns_town"."name" FROM "towns_town" WHERE "towns_town"."id" = 15 LIMIT 21; args=(15,); alias=default
DEBUG 2022-07-29 20:36:27,723 utils (0.000) SELECT "towns_town"."id", "towns_town"."name" FROM "towns_town" WHERE "towns_town"."id" = 17 LIMIT 21; args=(17,); alias=default
DEBUG 2022-07-29 20:36:27,724 utils (0.000) SELECT "buses_bus"."id", "buses_bus"."name", "buses_bus"."travel_time", "buses_bus"."from_town_id", "buses_bus"."to_town_id", "towns_town"."id", "towns_town"."name", T3."id", T3."name" FROM "buses_bus" INNER JOIN "towns_town" ON ("buses_bus"."from_town_id" = "towns_town"."id") INNER JOIN "towns_town" T3 ON ("buses_bus"."to_town_id" = T3."id") ORDER BY "buses_bus"."travel_time" ASC; args=(); alias=default
DEBUG 2022-07-29 20:36:27,756 utils (0.000) SELECT "towns_town"."id", "towns_town"."name" FROM "towns_town" ORDER BY "towns_town"."name" ASC; args=(); alias=default
DEBUG 2022-07-29 20:36:27,762 utils (0.000) SELECT "towns_town"."id", "towns_town"."name" FROM "towns_town" ORDER BY "towns_town"."name" ASC; args=(); alias=default
DEBUG 2022-07-29 20:36:27,768 utils (0.000) SELECT "towns_town"."id", "towns_town"."name" FROM "towns_town" ORDER BY "towns_town"."name" ASC; args=(); alias=default
DEBUG 2022-07-29 20:36:44,935 utils (0.000) SELECT "towns_town"."id", "towns_town"."name" FROM "towns_town" WHERE "towns_town"."id" = 17 LIMIT 21; args=(17,); alias=default
DEBUG 2022-07-29 20:36:44,936 utils (0.000) SELECT "towns_town"."id", "towns_town"."name" FROM "towns_town" WHERE "towns_town"."id" = 9 LIMIT 21; args=(9,); alias=default
DEBUG 2022-07-29 20:36:44,937 utils (0.000) SELECT "buses_bus"."id", "buses_bus"."name", "buses_bus"."travel_time", "buses_bus"."from_town_id", "buses_bus"."to_town_id", "towns_town"."id", "towns_town"."name", T3."id", T3."name" FROM "buses_bus" INNER JOIN "towns_town" ON ("buses_bus"."from_town_id" = "towns_town"."id") INNER JOIN "towns_town" T3 ON ("buses_bus"."to_town_id" = T3."id") ORDER BY "buses_bus"."travel_time" ASC; args=(); alias=default
DEBUG 2022-07-29 20:36:44,956 utils (0.000) SELECT "towns_town"."id", "towns_town"."name" FROM "towns_town" ORDER BY "towns_town"."name" ASC; args=(); alias=default
DEBUG 2022-07-29 20:36:44,963 utils (0.000) SELECT "towns_town"."id", "towns_town"."name" FROM "towns_town" ORDER BY "towns_town"."name" ASC; args=(); alias=default
DEBUG 2022-07-29 20:36:44,969 utils (0.000) SELECT "towns_town"."id", "towns_town"."name" FROM "towns_town" ORDER BY "towns_town"."name" ASC; args=(); alias=default
DEBUG 2022-07-29 20:53:54,860 utils (0.000) 
            SELECT name, type FROM sqlite_master
            WHERE type in ('table', 'view') AND NOT name='sqlite_sequence'
            ORDER BY name; args=None; alias=default
DEBUG 2022-07-29 20:53:54,863 utils (0.000) SELECT "django_migrations"."id", "django_migrations"."app", "django_migrations"."name", "django_migrations"."applied" FROM "django_migrations"; args=(); alias=default
DEBUG 2022-07-29 20:54:06,951 utils (0.000) 
            SELECT name, type FROM sqlite_master
            WHERE type in ('table', 'view') AND NOT name='sqlite_sequence'
            ORDER BY name; args=None; alias=default
DEBUG 2022-07-29 20:54:06,953 utils (0.000) SELECT "django_migrations"."id", "django_migrations"."app", "django_migrations"."name", "django_migrations"."applied" FROM "django_migrations"; args=(); alias=default
DEBUG 2022-07-29 20:54:31,762 utils (0.000) 
            SELECT name, type FROM sqlite_master
            WHERE type in ('table', 'view') AND NOT name='sqlite_sequence'
            ORDER BY name; args=None; alias=default
DEBUG 2022-07-29 20:54:31,765 utils (0.000) SELECT "django_migrations"."id", "django_migrations"."app", "django_migrations"."name", "django_migrations"."applied" FROM "django_migrations"; args=(); alias=default
DEBUG 2022-07-29 20:57:07,398 utils (0.000) 
            SELECT name, type FROM sqlite_master
            WHERE type in ('table', 'view') AND NOT name='sqlite_sequence'
            ORDER BY name; args=None; alias=default
DEBUG 2022-07-29 20:57:07,400 utils (0.000) SELECT "django_migrations"."id", "django_migrations"."app", "django_migrations"."name", "django_migrations"."applied" FROM "django_migrations"; args=(); alias=default
DEBUG 2022-07-29 20:57:48,083 utils (0.000) 
            SELECT name, type FROM sqlite_master
            WHERE type in ('table', 'view') AND NOT name='sqlite_sequence'
            ORDER BY name; args=None; alias=default
DEBUG 2022-07-29 20:57:48,086 utils (0.000) SELECT "django_migrations"."id", "django_migrations"."app", "django_migrations"."name", "django_migrations"."applied" FROM "django_migrations"; args=(); alias=default
DEBUG 2022-07-29 20:58:00,114 utils (0.000) 
            SELECT name, type FROM sqlite_master
            WHERE type in ('table', 'view') AND NOT name='sqlite_sequence'
            ORDER BY name; args=None; alias=default
DEBUG 2022-07-29 20:58:00,114 utils (0.000) SELECT "django_migrations"."id", "django_migrations"."app", "django_migrations"."name", "django_migrations"."applied" FROM "django_migrations"; args=(); alias=default
DEBUG 2022-07-29 20:58:12,078 utils (0.000) 
            SELECT name, type FROM sqlite_master
            WHERE type in ('table', 'view') AND NOT name='sqlite_sequence'
            ORDER BY name; args=None; alias=default
DEBUG 2022-07-29 20:58:12,081 utils (0.000) SELECT "django_migrations"."id", "django_migrations"."app", "django_migrations"."name", "django_migrations"."applied" FROM "django_migrations"; args=(); alias=default
DEBUG 2022-07-29 20:59:13,877 utils (0.000) 
            SELECT name, type FROM sqlite_master
            WHERE type in ('table', 'view') AND NOT name='sqlite_sequence'
            ORDER BY name; args=None; alias=default
DEBUG 2022-07-29 20:59:13,880 utils (0.000) SELECT "django_migrations"."id", "django_migrations"."app", "django_migrations"."name", "django_migrations"."applied" FROM "django_migrations"; args=(); alias=default
DEBUG 2022-07-29 21:10:05,575 utils (0.000) SELECT "towns_town"."id", "towns_town"."name" FROM "towns_town" WHERE "towns_town"."id" = 17 LIMIT 21; args=(17,); alias=default
DEBUG 2022-07-29 21:10:05,576 utils (0.000) SELECT "towns_town"."id", "towns_town"."name" FROM "towns_town" WHERE "towns_town"."id" = 9 LIMIT 21; args=(9,); alias=default
DEBUG 2022-07-29 21:10:05,577 utils (0.000) SELECT "buses_bus"."id", "buses_bus"."name", "buses_bus"."travel_time", "buses_bus"."from_town_id", "buses_bus"."to_town_id", "towns_town"."id", "towns_town"."name", T3."id", T3."name" FROM "buses_bus" INNER JOIN "towns_town" ON ("buses_bus"."from_town_id" = "towns_town"."id") INNER JOIN "towns_town" T3 ON ("buses_bus"."to_town_id" = T3."id") ORDER BY "buses_bus"."travel_time" ASC; args=(); alias=default
DEBUG 2022-07-29 21:10:05,609 utils (0.000) SELECT "django_session"."session_key", "django_session"."session_data", "django_session"."expire_date" FROM "django_session" WHERE ("django_session"."expire_date" > '2022-07-29 18:10:05.608634' AND "django_session"."session_key" = 'e1deu5mz0si7jxhc3qv199uuueo1jiys') LIMIT 21; args=('2022-07-29 18:10:05.608634', 'e1deu5mz0si7jxhc3qv199uuueo1jiys'); alias=default
DEBUG 2022-07-29 21:10:05,610 utils (0.000) SELECT "auth_user"."id", "auth_user"."password", "auth_user"."last_login", "auth_user"."is_superuser", "auth_user"."username", "auth_user"."first_name", "auth_user"."last_name", "auth_user"."email", "auth_user"."is_staff", "auth_user"."is_active", "auth_user"."date_joined" FROM "auth_user" WHERE "auth_user"."id" = 1 LIMIT 21; args=(1,); alias=default
ERROR 2022-07-29 21:10:05,684 log Internal Server Error: /bus_routes/
Traceback (most recent call last):
  File "C:\Users\Сергей.DESKTOP-O6IT0NE\AppData\Local\Programs\Python\Python310\lib\site-packages\django\core\handlers\exception.py", line 55, in inner
    response = get_response(request)
  File "C:\Users\Сергей.DESKTOP-O6IT0NE\AppData\Local\Programs\Python\Python310\lib\site-packages\django\core\handlers\base.py", line 197, in _get_response
    response = wrapped_callback(request, *callback_args, **callback_kwargs)
  File "C:\Users\Сергей.DESKTOP-O6IT0NE\DjangoPycharmProjects\bus_route\src\routes\views.py", line 21, in bus_routes
    return render(request, 'routes/home.html', context)
  File "C:\Users\Сергей.DESKTOP-O6IT0NE\AppData\Local\Programs\Python\Python310\lib\site-packages\django\shortcuts.py", line 24, in render
    content = loader.render_to_string(template_name, context, request, using=using)
  File "C:\Users\Сергей.DESKTOP-O6IT0NE\AppData\Local\Programs\Python\Python310\lib\site-packages\django\template\loader.py", line 61, in render_to_string
    template = get_template(template_name, using=using)
  File "C:\Users\Сергей.DESKTOP-O6IT0NE\AppData\Local\Programs\Python\Python310\lib\site-packages\django\template\loader.py", line 15, in get_template
    return engine.get_template(template_name)
  File "C:\Users\Сергей.DESKTOP-O6IT0NE\AppData\Local\Programs\Python\Python310\lib\site-packages\django\template\backends\django.py", line 34, in get_template
    return Template(self.engine.get_template(template_name), self)
  File "C:\Users\Сергей.DESKTOP-O6IT0NE\AppData\Local\Programs\Python\Python310\lib\site-packages\django\template\engine.py", line 176, in get_template
    template, origin = self.find_template(template_name)
  File "C:\Users\Сергей.DESKTOP-O6IT0NE\AppData\Local\Programs\Python\Python310\lib\site-packages\django\template\engine.py", line 158, in find_template
    template = loader.get_template(name, skip=skip)
  File "C:\Users\Сергей.DESKTOP-O6IT0NE\AppData\Local\Programs\Python\Python310\lib\site-packages\django\template\loaders\base.py", line 28, in get_template
    return Template(
  File "C:\Users\Сергей.DESKTOP-O6IT0NE\AppData\Local\Programs\Python\Python310\lib\site-packages\django\template\base.py", line 154, in __init__
    self.nodelist = self.compile_nodelist()
  File "C:\Users\Сергей.DESKTOP-O6IT0NE\AppData\Local\Programs\Python\Python310\lib\site-packages\django\template\base.py", line 200, in compile_nodelist
    return parser.parse()
  File "C:\Users\Сергей.DESKTOP-O6IT0NE\AppData\Local\Programs\Python\Python310\lib\site-packages\django\template\base.py", line 513, in parse
    raise self.error(token, e)
  File "C:\Users\Сергей.DESKTOP-O6IT0NE\AppData\Local\Programs\Python\Python310\lib\site-packages\django\template\base.py", line 511, in parse
    compiled_result = compile_func(self, token)
  File "C:\Users\Сергей.DESKTOP-O6IT0NE\AppData\Local\Programs\Python\Python310\lib\site-packages\django\template\loader_tags.py", line 293, in do_extends
    nodelist = parser.parse()
  File "C:\Users\Сергей.DESKTOP-O6IT0NE\AppData\Local\Programs\Python\Python310\lib\site-packages\django\template\base.py", line 513, in parse
    raise self.error(token, e)
  File "C:\Users\Сергей.DESKTOP-O6IT0NE\AppData\Local\Programs\Python\Python310\lib\site-packages\django\template\base.py", line 511, in parse
    compiled_result = compile_func(self, token)
  File "C:\Users\Сергей.DESKTOP-O6IT0NE\AppData\Local\Programs\Python\Python310\lib\site-packages\django\template\loader_tags.py", line 232, in do_block
    nodelist = parser.parse(("endblock",))
  File "C:\Users\Сергей.DESKTOP-O6IT0NE\AppData\Local\Programs\Python\Python310\lib\site-packages\django\template\base.py", line 513, in parse
    raise self.error(token, e)
  File "C:\Users\Сергей.DESKTOP-O6IT0NE\AppData\Local\Programs\Python\Python310\lib\site-packages\django\template\base.py", line 511, in parse
    compiled_result = compile_func(self, token)
  File "C:\Users\Сергей.DESKTOP-O6IT0NE\AppData\Local\Programs\Python\Python310\lib\site-packages\django\template\defaulttags.py", line 954, in do_if
    nodelist = parser.parse(("elif", "else", "endif"))
  File "C:\Users\Сергей.DESKTOP-O6IT0NE\AppData\Local\Programs\Python\Python310\lib\site-packages\django\template\base.py", line 513, in parse
    raise self.error(token, e)
  File "C:\Users\Сергей.DESKTOP-O6IT0NE\AppData\Local\Programs\Python\Python310\lib\site-packages\django\template\base.py", line 511, in parse
    compiled_result = compile_func(self, token)
  File "C:\Users\Сергей.DESKTOP-O6IT0NE\AppData\Local\Programs\Python\Python310\lib\site-packages\django\template\defaulttags.py", line 854, in do_for
    nodelist_loop = parser.parse(
  File "C:\Users\Сергей.DESKTOP-O6IT0NE\AppData\Local\Programs\Python\Python310\lib\site-packages\django\template\base.py", line 513, in parse
    raise self.error(token, e)
  File "C:\Users\Сергей.DESKTOP-O6IT0NE\AppData\Local\Programs\Python\Python310\lib\site-packages\django\template\base.py", line 511, in parse
    compiled_result = compile_func(self, token)
  File "C:\Users\Сергей.DESKTOP-O6IT0NE\AppData\Local\Programs\Python\Python310\lib\site-packages\django\template\defaulttags.py", line 1373, in url
    viewname = parser.compile_filter(bits[1])
  File "C:\Users\Сергей.DESKTOP-O6IT0NE\AppData\Local\Programs\Python\Python310\lib\site-packages\django\template\base.py", line 600, in compile_filter
    return FilterExpression(token, self)
  File "C:\Users\Сергей.DESKTOP-O6IT0NE\AppData\Local\Programs\Python\Python310\lib\site-packages\django\template\base.py", line 701, in __init__
    raise TemplateSyntaxError(
django.template.exceptions.TemplateSyntaxError: Could not parse the remainder: ''add_routes' from ''add_routes'
DEBUG 2022-07-29 21:11:02,058 utils (0.000) SELECT "towns_town"."id", "towns_town"."name" FROM "towns_town" WHERE "towns_town"."id" = 17 LIMIT 21; args=(17,); alias=default
DEBUG 2022-07-29 21:11:02,059 utils (0.000) SELECT "towns_town"."id", "towns_town"."name" FROM "towns_town" WHERE "towns_town"."id" = 9 LIMIT 21; args=(9,); alias=default
DEBUG 2022-07-29 21:11:02,060 utils (0.000) SELECT "buses_bus"."id", "buses_bus"."name", "buses_bus"."travel_time", "buses_bus"."from_town_id", "buses_bus"."to_town_id", "towns_town"."id", "towns_town"."name", T3."id", T3."name" FROM "buses_bus" INNER JOIN "towns_town" ON ("buses_bus"."from_town_id" = "towns_town"."id") INNER JOIN "towns_town" T3 ON ("buses_bus"."to_town_id" = T3."id") ORDER BY "buses_bus"."travel_time" ASC; args=(); alias=default
DEBUG 2022-07-29 21:11:02,092 utils (0.000) SELECT "towns_town"."id", "towns_town"."name" FROM "towns_town" ORDER BY "towns_town"."name" ASC; args=(); alias=default
DEBUG 2022-07-29 21:11:02,098 utils (0.000) SELECT "towns_town"."id", "towns_town"."name" FROM "towns_town" ORDER BY "towns_town"."name" ASC; args=(); alias=default
DEBUG 2022-07-29 21:11:02,103 utils (0.000) SELECT "towns_town"."id", "towns_town"."name" FROM "towns_town" ORDER BY "towns_town"."name" ASC; args=(); alias=default
DEBUG 2022-07-29 21:11:33,419 utils (0.000) SELECT "towns_town"."id", "towns_town"."name" FROM "towns_town" WHERE "towns_town"."id" = 17 LIMIT 21; args=(17,); alias=default
DEBUG 2022-07-29 21:11:33,419 utils (0.000) SELECT "towns_town"."id", "towns_town"."name" FROM "towns_town" WHERE "towns_town"."id" = 9 LIMIT 21; args=(9,); alias=default
DEBUG 2022-07-29 21:11:33,420 utils (0.000) SELECT "buses_bus"."id", "buses_bus"."name", "buses_bus"."travel_time", "buses_bus"."from_town_id", "buses_bus"."to_town_id", "towns_town"."id", "towns_town"."name", T3."id", T3."name" FROM "buses_bus" INNER JOIN "towns_town" ON ("buses_bus"."from_town_id" = "towns_town"."id") INNER JOIN "towns_town" T3 ON ("buses_bus"."to_town_id" = T3."id") ORDER BY "buses_bus"."travel_time" ASC; args=(); alias=default
DEBUG 2022-07-29 21:11:33,437 utils (0.000) SELECT "towns_town"."id", "towns_town"."name" FROM "towns_town" ORDER BY "towns_town"."name" ASC; args=(); alias=default
DEBUG 2022-07-29 21:11:33,444 utils (0.000) SELECT "towns_town"."id", "towns_town"."name" FROM "towns_town" ORDER BY "towns_town"."name" ASC; args=(); alias=default
DEBUG 2022-07-29 21:11:33,450 utils (0.000) SELECT "towns_town"."id", "towns_town"."name" FROM "towns_town" ORDER BY "towns_town"."name" ASC; args=(); alias=default
DEBUG 2022-07-29 21:12:29,489 utils (0.000) SELECT "towns_town"."id", "towns_town"."name" FROM "towns_town" WHERE "towns_town"."id" = 17 LIMIT 21; args=(17,); alias=default
DEBUG 2022-07-29 21:12:29,489 utils (0.000) SELECT "towns_town"."id", "towns_town"."name" FROM "towns_town" WHERE "towns_town"."id" = 9 LIMIT 21; args=(9,); alias=default
DEBUG 2022-07-29 21:12:29,491 utils (0.000) SELECT "buses_bus"."id", "buses_bus"."name", "buses_bus"."travel_time", "buses_bus"."from_town_id", "buses_bus"."to_town_id", "towns_town"."id", "towns_town"."name", T3."id", T3."name" FROM "buses_bus" INNER JOIN "towns_town" ON ("buses_bus"."from_town_id" = "towns_town"."id") INNER JOIN "towns_town" T3 ON ("buses_bus"."to_town_id" = T3."id") ORDER BY "buses_bus"."travel_time" ASC; args=(); alias=default
DEBUG 2022-07-29 21:12:29,516 utils (0.000) SELECT "towns_town"."id", "towns_town"."name" FROM "towns_town" ORDER BY "towns_town"."name" ASC; args=(); alias=default
DEBUG 2022-07-29 21:12:29,522 utils (0.000) SELECT "towns_town"."id", "towns_town"."name" FROM "towns_town" ORDER BY "towns_town"."name" ASC; args=(); alias=default
DEBUG 2022-07-29 21:12:29,528 utils (0.000) SELECT "towns_town"."id", "towns_town"."name" FROM "towns_town" ORDER BY "towns_town"."name" ASC; args=(); alias=default
DEBUG 2022-07-29 21:12:38,000 utils (0.016) 
            SELECT name, type FROM sqlite_master
            WHERE type in ('table', 'view') AND NOT name='sqlite_sequence'
            ORDER BY name; args=None; alias=default
DEBUG 2022-07-29 21:12:38,000 utils (0.000) SELECT "django_migrations"."id", "django_migrations"."app", "django_migrations"."name", "django_migrations"."applied" FROM "django_migrations"; args=(); alias=default
DEBUG 2022-07-29 21:12:40,269 utils (0.000) SELECT "towns_town"."id", "towns_town"."name" FROM "towns_town" WHERE "towns_town"."id" = 17 LIMIT 21; args=(17,); alias=default
DEBUG 2022-07-29 21:12:40,270 utils (0.000) SELECT "towns_town"."id", "towns_town"."name" FROM "towns_town" WHERE "towns_town"."id" = 9 LIMIT 21; args=(9,); alias=default
DEBUG 2022-07-29 21:12:40,272 utils (0.000) SELECT "buses_bus"."id", "buses_bus"."name", "buses_bus"."travel_time", "buses_bus"."from_town_id", "buses_bus"."to_town_id", "towns_town"."id", "towns_town"."name", T3."id", T3."name" FROM "buses_bus" INNER JOIN "towns_town" ON ("buses_bus"."from_town_id" = "towns_town"."id") INNER JOIN "towns_town" T3 ON ("buses_bus"."to_town_id" = T3."id") ORDER BY "buses_bus"."travel_time" ASC; args=(); alias=default
DEBUG 2022-07-29 21:12:40,304 utils (0.000) SELECT "towns_town"."id", "towns_town"."name" FROM "towns_town" ORDER BY "towns_town"."name" ASC; args=(); alias=default
DEBUG 2022-07-29 21:12:40,311 utils (0.000) SELECT "towns_town"."id", "towns_town"."name" FROM "towns_town" ORDER BY "towns_town"."name" ASC; args=(); alias=default
DEBUG 2022-07-29 21:12:40,316 utils (0.000) SELECT "towns_town"."id", "towns_town"."name" FROM "towns_town" ORDER BY "towns_town"."name" ASC; args=(); alias=default
DEBUG 2022-07-29 21:13:56,971 utils (0.000) SELECT "towns_town"."id", "towns_town"."name" FROM "towns_town" WHERE "towns_town"."id" = 17 LIMIT 21; args=(17,); alias=default
DEBUG 2022-07-29 21:13:56,971 utils (0.000) SELECT "towns_town"."id", "towns_town"."name" FROM "towns_town" WHERE "towns_town"."id" = 9 LIMIT 21; args=(9,); alias=default
DEBUG 2022-07-29 21:13:56,972 utils (0.000) SELECT "buses_bus"."id", "buses_bus"."name", "buses_bus"."travel_time", "buses_bus"."from_town_id", "buses_bus"."to_town_id", "towns_town"."id", "towns_town"."name", T3."id", T3."name" FROM "buses_bus" INNER JOIN "towns_town" ON ("buses_bus"."from_town_id" = "towns_town"."id") INNER JOIN "towns_town" T3 ON ("buses_bus"."to_town_id" = T3."id") ORDER BY "buses_bus"."travel_time" ASC; args=(); alias=default
DEBUG 2022-07-29 21:13:56,990 utils (0.000) SELECT "towns_town"."id", "towns_town"."name" FROM "towns_town" ORDER BY "towns_town"."name" ASC; args=(); alias=default
DEBUG 2022-07-29 21:13:56,996 utils (0.000) SELECT "towns_town"."id", "towns_town"."name" FROM "towns_town" ORDER BY "towns_town"."name" ASC; args=(); alias=default
DEBUG 2022-07-29 21:13:57,002 utils (0.000) SELECT "towns_town"."id", "towns_town"."name" FROM "towns_town" ORDER BY "towns_town"."name" ASC; args=(); alias=default
DEBUG 2022-07-29 21:14:43,021 utils (0.000) SELECT "towns_town"."id", "towns_town"."name" FROM "towns_town" WHERE "towns_town"."id" = 17 LIMIT 21; args=(17,); alias=default
DEBUG 2022-07-29 21:14:43,022 utils (0.000) SELECT "towns_town"."id", "towns_town"."name" FROM "towns_town" WHERE "towns_town"."id" = 9 LIMIT 21; args=(9,); alias=default
DEBUG 2022-07-29 21:14:43,023 utils (0.000) SELECT "buses_bus"."id", "buses_bus"."name", "buses_bus"."travel_time", "buses_bus"."from_town_id", "buses_bus"."to_town_id", "towns_town"."id", "towns_town"."name", T3."id", T3."name" FROM "buses_bus" INNER JOIN "towns_town" ON ("buses_bus"."from_town_id" = "towns_town"."id") INNER JOIN "towns_town" T3 ON ("buses_bus"."to_town_id" = T3."id") ORDER BY "buses_bus"."travel_time" ASC; args=(); alias=default
DEBUG 2022-07-29 21:14:43,048 utils (0.000) SELECT "towns_town"."id", "towns_town"."name" FROM "towns_town" ORDER BY "towns_town"."name" ASC; args=(); alias=default
DEBUG 2022-07-29 21:14:43,054 utils (0.000) SELECT "towns_town"."id", "towns_town"."name" FROM "towns_town" ORDER BY "towns_town"."name" ASC; args=(); alias=default
DEBUG 2022-07-29 21:14:43,059 utils (0.000) SELECT "towns_town"."id", "towns_town"."name" FROM "towns_town" ORDER BY "towns_town"."name" ASC; args=(); alias=default
DEBUG 2022-07-29 21:15:20,887 utils (0.000) SELECT "towns_town"."id", "towns_town"."name" FROM "towns_town" WHERE "towns_town"."id" = 17 LIMIT 21; args=(17,); alias=default
DEBUG 2022-07-29 21:15:20,887 utils (0.000) SELECT "towns_town"."id", "towns_town"."name" FROM "towns_town" WHERE "towns_town"."id" = 9 LIMIT 21; args=(9,); alias=default
DEBUG 2022-07-29 21:15:20,888 utils (0.000) SELECT "buses_bus"."id", "buses_bus"."name", "buses_bus"."travel_time", "buses_bus"."from_town_id", "buses_bus"."to_town_id", "towns_town"."id", "towns_town"."name", T3."id", T3."name" FROM "buses_bus" INNER JOIN "towns_town" ON ("buses_bus"."from_town_id" = "towns_town"."id") INNER JOIN "towns_town" T3 ON ("buses_bus"."to_town_id" = T3."id") ORDER BY "buses_bus"."travel_time" ASC; args=(); alias=default
DEBUG 2022-07-29 21:15:20,904 utils (0.000) SELECT "towns_town"."id", "towns_town"."name" FROM "towns_town" ORDER BY "towns_town"."name" ASC; args=(); alias=default
DEBUG 2022-07-29 21:15:20,909 utils (0.000) SELECT "towns_town"."id", "towns_town"."name" FROM "towns_town" ORDER BY "towns_town"."name" ASC; args=(); alias=default
DEBUG 2022-07-29 21:15:20,916 utils (0.000) SELECT "towns_town"."id", "towns_town"."name" FROM "towns_town" ORDER BY "towns_town"."name" ASC; args=(); alias=default
DEBUG 2022-07-29 21:15:25,812 utils (0.000) SELECT "towns_town"."id", "towns_town"."name" FROM "towns_town" WHERE "towns_town"."id" = 17 LIMIT 21; args=(17,); alias=default
DEBUG 2022-07-29 21:15:25,813 utils (0.000) SELECT "towns_town"."id", "towns_town"."name" FROM "towns_town" WHERE "towns_town"."id" = 9 LIMIT 21; args=(9,); alias=default
DEBUG 2022-07-29 21:15:25,814 utils (0.000) SELECT "buses_bus"."id", "buses_bus"."name", "buses_bus"."travel_time", "buses_bus"."from_town_id", "buses_bus"."to_town_id", "towns_town"."id", "towns_town"."name", T3."id", T3."name" FROM "buses_bus" INNER JOIN "towns_town" ON ("buses_bus"."from_town_id" = "towns_town"."id") INNER JOIN "towns_town" T3 ON ("buses_bus"."to_town_id" = T3."id") ORDER BY "buses_bus"."travel_time" ASC; args=(); alias=default
DEBUG 2022-07-29 21:15:25,829 utils (0.000) SELECT "towns_town"."id", "towns_town"."name" FROM "towns_town" ORDER BY "towns_town"."name" ASC; args=(); alias=default
DEBUG 2022-07-29 21:15:25,835 utils (0.000) SELECT "towns_town"."id", "towns_town"."name" FROM "towns_town" ORDER BY "towns_town"."name" ASC; args=(); alias=default
DEBUG 2022-07-29 21:15:25,841 utils (0.000) SELECT "towns_town"."id", "towns_town"."name" FROM "towns_town" ORDER BY "towns_town"."name" ASC; args=(); alias=default
DEBUG 2022-07-29 21:15:29,318 utils (0.000) SELECT "towns_town"."id", "towns_town"."name" FROM "towns_town" WHERE "towns_town"."id" = 17 LIMIT 21; args=(17,); alias=default
DEBUG 2022-07-29 21:15:29,319 utils (0.000) SELECT "towns_town"."id", "towns_town"."name" FROM "towns_town" WHERE "towns_town"."id" = 6 LIMIT 21; args=(6,); alias=default
DEBUG 2022-07-29 21:15:29,320 utils (0.000) SELECT "buses_bus"."id", "buses_bus"."name", "buses_bus"."travel_time", "buses_bus"."from_town_id", "buses_bus"."to_town_id", "towns_town"."id", "towns_town"."name", T3."id", T3."name" FROM "buses_bus" INNER JOIN "towns_town" ON ("buses_bus"."from_town_id" = "towns_town"."id") INNER JOIN "towns_town" T3 ON ("buses_bus"."to_town_id" = T3."id") ORDER BY "buses_bus"."travel_time" ASC; args=(); alias=default
DEBUG 2022-07-29 21:15:29,336 utils (0.000) SELECT "towns_town"."id", "towns_town"."name" FROM "towns_town" ORDER BY "towns_town"."name" ASC; args=(); alias=default
DEBUG 2022-07-29 21:15:29,342 utils (0.000) SELECT "towns_town"."id", "towns_town"."name" FROM "towns_town" ORDER BY "towns_town"."name" ASC; args=(); alias=default
DEBUG 2022-07-29 21:15:29,348 utils (0.000) SELECT "towns_town"."id", "towns_town"."name" FROM "towns_town" ORDER BY "towns_town"."name" ASC; args=(); alias=default
DEBUG 2022-07-29 21:16:00,893 utils (0.000) 
            SELECT name, type FROM sqlite_master
            WHERE type in ('table', 'view') AND NOT name='sqlite_sequence'
            ORDER BY name; args=None; alias=default
DEBUG 2022-07-29 21:16:00,893 utils (0.000) SELECT "django_migrations"."id", "django_migrations"."app", "django_migrations"."name", "django_migrations"."applied" FROM "django_migrations"; args=(); alias=default
DEBUG 2022-07-29 21:16:05,078 utils (0.000) SELECT COUNT(*) AS "__count" FROM "towns_town"; args=(); alias=default
DEBUG 2022-07-29 21:16:05,101 utils (0.000) SELECT "towns_town"."id", "towns_town"."name" FROM "towns_town" ORDER BY "towns_town"."name" ASC LIMIT 5; args=(); alias=default
DEBUG 2022-07-29 21:16:05,888 utils (0.000) SELECT "towns_town"."id", "towns_town"."name" FROM "towns_town" ORDER BY "towns_town"."name" ASC; args=(); alias=default
DEBUG 2022-07-29 21:16:05,896 utils (0.000) SELECT "towns_town"."id", "towns_town"."name" FROM "towns_town" ORDER BY "towns_town"."name" ASC; args=(); alias=default
DEBUG 2022-07-29 21:16:05,902 utils (0.000) SELECT "towns_town"."id", "towns_town"."name" FROM "towns_town" ORDER BY "towns_town"."name" ASC; args=(); alias=default
DEBUG 2022-07-29 21:16:16,604 utils (0.000) SELECT "towns_town"."id", "towns_town"."name" FROM "towns_town" WHERE "towns_town"."id" = 17 LIMIT 21; args=(17,); alias=default
DEBUG 2022-07-29 21:16:16,605 utils (0.000) SELECT "towns_town"."id", "towns_town"."name" FROM "towns_town" WHERE "towns_town"."id" = 9 LIMIT 21; args=(9,); alias=default
DEBUG 2022-07-29 21:16:16,606 utils (0.000) SELECT "buses_bus"."id", "buses_bus"."name", "buses_bus"."travel_time", "buses_bus"."from_town_id", "buses_bus"."to_town_id", "towns_town"."id", "towns_town"."name", T3."id", T3."name" FROM "buses_bus" INNER JOIN "towns_town" ON ("buses_bus"."from_town_id" = "towns_town"."id") INNER JOIN "towns_town" T3 ON ("buses_bus"."to_town_id" = T3."id") ORDER BY "buses_bus"."travel_time" ASC; args=(); alias=default
DEBUG 2022-07-29 21:16:16,621 utils (0.000) SELECT "towns_town"."id", "towns_town"."name" FROM "towns_town" ORDER BY "towns_town"."name" ASC; args=(); alias=default
DEBUG 2022-07-29 21:16:16,627 utils (0.000) SELECT "towns_town"."id", "towns_town"."name" FROM "towns_town" ORDER BY "towns_town"."name" ASC; args=(); alias=default
DEBUG 2022-07-29 21:16:16,633 utils (0.000) SELECT "towns_town"."id", "towns_town"."name" FROM "towns_town" ORDER BY "towns_town"."name" ASC; args=(); alias=default
DEBUG 2022-07-29 21:16:56,678 utils (0.000) SELECT "towns_town"."id", "towns_town"."name" FROM "towns_town" WHERE "towns_town"."id" = 17 LIMIT 21; args=(17,); alias=default
DEBUG 2022-07-29 21:16:56,679 utils (0.000) SELECT "towns_town"."id", "towns_town"."name" FROM "towns_town" WHERE "towns_town"."id" = 9 LIMIT 21; args=(9,); alias=default
DEBUG 2022-07-29 21:16:56,680 utils (0.000) SELECT "buses_bus"."id", "buses_bus"."name", "buses_bus"."travel_time", "buses_bus"."from_town_id", "buses_bus"."to_town_id", "towns_town"."id", "towns_town"."name", T3."id", T3."name" FROM "buses_bus" INNER JOIN "towns_town" ON ("buses_bus"."from_town_id" = "towns_town"."id") INNER JOIN "towns_town" T3 ON ("buses_bus"."to_town_id" = T3."id") ORDER BY "buses_bus"."travel_time" ASC; args=(); alias=default
DEBUG 2022-07-29 21:16:56,696 utils (0.000) SELECT "towns_town"."id", "towns_town"."name" FROM "towns_town" ORDER BY "towns_town"."name" ASC; args=(); alias=default
DEBUG 2022-07-29 21:16:56,702 utils (0.000) SELECT "towns_town"."id", "towns_town"."name" FROM "towns_town" ORDER BY "towns_town"."name" ASC; args=(); alias=default
DEBUG 2022-07-29 21:16:56,708 utils (0.000) SELECT "towns_town"."id", "towns_town"."name" FROM "towns_town" ORDER BY "towns_town"."name" ASC; args=(); alias=default
DEBUG 2022-07-29 21:29:45,930 utils (0.000) SELECT "towns_town"."id", "towns_town"."name" FROM "towns_town" WHERE "towns_town"."id" = 17 LIMIT 21; args=(17,); alias=default
DEBUG 2022-07-29 21:29:45,931 utils (0.000) SELECT "towns_town"."id", "towns_town"."name" FROM "towns_town" WHERE "towns_town"."id" = 9 LIMIT 21; args=(9,); alias=default
DEBUG 2022-07-29 21:29:45,932 utils (0.000) SELECT "buses_bus"."id", "buses_bus"."name", "buses_bus"."travel_time", "buses_bus"."from_town_id", "buses_bus"."to_town_id", "towns_town"."id", "towns_town"."name", T3."id", T3."name" FROM "buses_bus" INNER JOIN "towns_town" ON ("buses_bus"."from_town_id" = "towns_town"."id") INNER JOIN "towns_town" T3 ON ("buses_bus"."to_town_id" = T3."id") ORDER BY "buses_bus"."travel_time" ASC; args=(); alias=default
DEBUG 2022-07-29 21:29:45,949 utils (0.000) SELECT "towns_town"."id", "towns_town"."name" FROM "towns_town" ORDER BY "towns_town"."name" ASC; args=(); alias=default
DEBUG 2022-07-29 21:29:45,956 utils (0.000) SELECT "towns_town"."id", "towns_town"."name" FROM "towns_town" ORDER BY "towns_town"."name" ASC; args=(); alias=default
DEBUG 2022-07-29 21:29:45,962 utils (0.000) SELECT "towns_town"."id", "towns_town"."name" FROM "towns_town" ORDER BY "towns_town"."name" ASC; args=(); alias=default
DEBUG 2022-07-29 21:36:17,897 utils (0.000) 
            SELECT name, type FROM sqlite_master
            WHERE type in ('table', 'view') AND NOT name='sqlite_sequence'
            ORDER BY name; args=None; alias=default
DEBUG 2022-07-29 21:36:17,897 utils (0.000) SELECT "django_migrations"."id", "django_migrations"."app", "django_migrations"."name", "django_migrations"."applied" FROM "django_migrations"; args=(); alias=default
DEBUG 2022-07-29 21:38:17,924 utils (0.000) 
            SELECT name, type FROM sqlite_master
            WHERE type in ('table', 'view') AND NOT name='sqlite_sequence'
            ORDER BY name; args=None; alias=default
DEBUG 2022-07-29 21:38:17,940 utils (0.000) SELECT "django_migrations"."id", "django_migrations"."app", "django_migrations"."name", "django_migrations"."applied" FROM "django_migrations"; args=(); alias=default
DEBUG 2022-07-29 21:39:01,611 utils (0.000) 
            SELECT name, type FROM sqlite_master
            WHERE type in ('table', 'view') AND NOT name='sqlite_sequence'
            ORDER BY name; args=None; alias=default
DEBUG 2022-07-29 21:39:01,615 utils (0.000) SELECT "django_migrations"."id", "django_migrations"."app", "django_migrations"."name", "django_migrations"."applied" FROM "django_migrations"; args=(); alias=default
DEBUG 2022-07-29 21:39:27,475 utils (0.000) 
            SELECT name, type FROM sqlite_master
            WHERE type in ('table', 'view') AND NOT name='sqlite_sequence'
            ORDER BY name; args=None; alias=default
DEBUG 2022-07-29 21:39:27,486 utils (0.000) SELECT "django_migrations"."id", "django_migrations"."app", "django_migrations"."name", "django_migrations"."applied" FROM "django_migrations"; args=(); alias=default
DEBUG 2022-07-29 21:39:45,845 utils (0.000) 
            SELECT name, type FROM sqlite_master
            WHERE type in ('table', 'view') AND NOT name='sqlite_sequence'
            ORDER BY name; args=None; alias=default
DEBUG 2022-07-29 21:39:45,848 utils (0.000) SELECT "django_migrations"."id", "django_migrations"."app", "django_migrations"."name", "django_migrations"."applied" FROM "django_migrations"; args=(); alias=default
DEBUG 2022-07-29 21:40:15,991 utils (0.000) 
            SELECT name, type FROM sqlite_master
            WHERE type in ('table', 'view') AND NOT name='sqlite_sequence'
            ORDER BY name; args=None; alias=default
DEBUG 2022-07-29 21:40:15,998 utils (0.000) SELECT "django_migrations"."id", "django_migrations"."app", "django_migrations"."name", "django_migrations"."applied" FROM "django_migrations"; args=(); alias=default
DEBUG 2022-07-29 21:41:40,590 utils (0.000) 
            SELECT name, type FROM sqlite_master
            WHERE type in ('table', 'view') AND NOT name='sqlite_sequence'
            ORDER BY name; args=None; alias=default
DEBUG 2022-07-29 21:41:40,592 utils (0.000) SELECT "django_migrations"."id", "django_migrations"."app", "django_migrations"."name", "django_migrations"."applied" FROM "django_migrations"; args=(); alias=default
DEBUG 2022-07-29 21:43:44,092 utils (0.000) 
            SELECT name, type FROM sqlite_master
            WHERE type in ('table', 'view') AND NOT name='sqlite_sequence'
            ORDER BY name; args=None; alias=default
DEBUG 2022-07-29 21:43:44,099 utils (0.000) SELECT "django_migrations"."id", "django_migrations"."app", "django_migrations"."name", "django_migrations"."applied" FROM "django_migrations"; args=(); alias=default
DEBUG 2022-07-29 21:45:20,939 utils (0.000) 
            SELECT name, type FROM sqlite_master
            WHERE type in ('table', 'view') AND NOT name='sqlite_sequence'
            ORDER BY name; args=None; alias=default
DEBUG 2022-07-29 21:45:20,942 utils (0.000) SELECT "django_migrations"."id", "django_migrations"."app", "django_migrations"."name", "django_migrations"."applied" FROM "django_migrations"; args=(); alias=default
DEBUG 2022-07-29 21:46:13,174 utils (0.000) 
            SELECT name, type FROM sqlite_master
            WHERE type in ('table', 'view') AND NOT name='sqlite_sequence'
            ORDER BY name; args=None; alias=default
DEBUG 2022-07-29 21:46:13,177 utils (0.000) SELECT "django_migrations"."id", "django_migrations"."app", "django_migrations"."name", "django_migrations"."applied" FROM "django_migrations"; args=(); alias=default
